Using pre-set license
Built from '2020.3/staging' branch; Version is '2020.3.25f1 (9b9180224418) revision 10195328'; Using compiler version '192528614'; Build Type 'Release'
OS: 'Windows 11  (10.0.22000) 64bit Professional' Language: 'en' Physical Memory: 16236 MB
BatchMode: 1, IsHumanControllingUs: 0, StartBugReporterOnCrash: 0, Is64bit: 1, IsPro: 0

COMMAND LINE ARGUMENTS:
C:\Program Files\Unity\Hub\Editor\2020.3.25f1\Editor\Unity.exe
-adb2
-batchMode
-noUpm
-name
AssetImportWorker0
-projectPath
D:/COURSES YEAR 2/COMP 1298 Installation Development Project/Installation Development Project
-logFile
Logs/AssetImportWorker0.log
-srvPort
56995
Successfully changed project path to: D:/COURSES YEAR 2/COMP 1298 Installation Development Project/Installation Development Project
D:/COURSES YEAR 2/COMP 1298 Installation Development Project/Installation Development Project
Using Asset Import Pipeline V2.
Refreshing native plugins compatible for Editor in 82.49 ms, found 2 plugins.
Preloading 0 native plugins for Editor in 0.00 ms.
Initialize engine version: 2020.3.25f1 (9b9180224418)
[Subsystems] Discovering subsystems at path C:/Program Files/Unity/Hub/Editor/2020.3.25f1/Editor/Data/Resources/UnitySubsystems
[Subsystems] Discovering subsystems at path D:/COURSES YEAR 2/COMP 1298 Installation Development Project/Installation Development Project/Assets
GfxDevice: creating device client; threaded=0
Direct3D:
    Version:  Direct3D 11.0 [level 11.1]
    Renderer: NVIDIA GeForce RTX 3060 Laptop GPU (ID=0x2560)
    Vendor:   
    VRAM:     6023 MB
    Driver:   30.0.15.1165
Initialize mono
Mono path[0] = 'C:/Program Files/Unity/Hub/Editor/2020.3.25f1/Editor/Data/Managed'
Mono path[1] = 'C:/Program Files/Unity/Hub/Editor/2020.3.25f1/Editor/Data/MonoBleedingEdge/lib/mono/unityjit'
Mono config path = 'C:/Program Files/Unity/Hub/Editor/2020.3.25f1/Editor/Data/MonoBleedingEdge/etc'
Using monoOptions --debugger-agent=transport=dt_socket,embedding=1,server=y,suspend=n,address=127.0.0.1:56500
Begin MonoManager ReloadAssembly
Registering precompiled unity dll's ...
Register platform support module: C:/Program Files/Unity/Hub/Editor/2020.3.25f1/Editor/Data/PlaybackEngines/WebGLSupport/UnityEditor.WebGL.Extensions.dll
Register platform support module: C:/Program Files/Unity/Hub/Editor/2020.3.25f1/Editor/Data/PlaybackEngines/WindowsStandaloneSupport/UnityEditor.WindowsStandalone.Extensions.dll
Registered in 0.208433 seconds.
Native extension for WindowsStandalone target not found
Native extension for WebGL target not found
Refreshing native plugins compatible for Editor in 23.68 ms, found 2 plugins.
Preloading 0 native plugins for Editor in 0.00 ms.
Mono: successfully reloaded assembly
- Completed reload, in  3.125 seconds
Domain Reload Profiling:
	ReloadAssembly (3125ms)
		BeginReloadAssembly (2090ms)
			ExecutionOrderSort (0ms)
			DisableScriptedObjects (0ms)
			BackupInstance (0ms)
			ReleaseScriptingObjects (0ms)
			CreateAndSetChildDomain (1ms)
		EndReloadAssembly (696ms)
			LoadAssemblies (2092ms)
			RebuildTransferFunctionScriptingTraits (0ms)
			SetupTypeCache (340ms)
			ReleaseScriptCaches (0ms)
			RebuildScriptCaches (20ms)
			SetupLoadedEditorAssemblies (245ms)
				LogAssemblyErrors (0ms)
				InitializePlatformSupportModulesInManaged (4ms)
				SetLoadedEditorAssemblies (0ms)
				RefreshPlugins (24ms)
				BeforeProcessingInitializeOnLoad (123ms)
				ProcessInitializeOnLoadAttributes (66ms)
				ProcessInitializeOnLoadMethodAttributes (28ms)
				AfterProcessingInitializeOnLoad (0ms)
				EditorAssembliesLoaded (0ms)
			ExecutionOrderSort2 (0ms)
			AwakeInstancesAfterBackupRestoration (0ms)
Platform modules already initialized, skipping
Registering precompiled user dll's ...
Registered in 0.536500 seconds.
Begin MonoManager ReloadAssembly
Native extension for WindowsStandalone target not found
Native extension for WebGL target not found
Refreshing native plugins compatible for Editor in 0.43 ms, found 2 plugins.
Preloading 0 native plugins for Editor in 0.00 ms.
Mono: successfully reloaded assembly
- Completed reload, in  2.965 seconds
Domain Reload Profiling:
	ReloadAssembly (2969ms)
		BeginReloadAssembly (107ms)
			ExecutionOrderSort (0ms)
			DisableScriptedObjects (4ms)
			BackupInstance (0ms)
			ReleaseScriptingObjects (0ms)
			CreateAndSetChildDomain (17ms)
		EndReloadAssembly (2816ms)
			LoadAssemblies (1106ms)
			RebuildTransferFunctionScriptingTraits (0ms)
			SetupTypeCache (766ms)
			ReleaseScriptCaches (0ms)
			RebuildScriptCaches (28ms)
			SetupLoadedEditorAssemblies (848ms)
				LogAssemblyErrors (0ms)
				InitializePlatformSupportModulesInManaged (4ms)
				SetLoadedEditorAssemblies (0ms)
				RefreshPlugins (1ms)
				BeforeProcessingInitializeOnLoad (58ms)
				ProcessInitializeOnLoadAttributes (297ms)
				ProcessInitializeOnLoadMethodAttributes (485ms)
				AfterProcessingInitializeOnLoad (3ms)
				EditorAssembliesLoaded (0ms)
			ExecutionOrderSort2 (0ms)
			AwakeInstancesAfterBackupRestoration (5ms)
Platform modules already initialized, skipping
========================================================================
Worker process is ready to serve import requests
Launched and connected shader compiler UnityShaderCompiler.exe after 0.07 seconds
Refreshing native plugins compatible for Editor in 0.35 ms, found 2 plugins.
Preloading 0 native plugins for Editor in 0.00 ms.
Unloading 1500 Unused Serialized files (Serialized files now loaded: 0)
System memory in use before: 80.4 MB.
System memory in use after: 80.5 MB.

Unloading 19 unused Assets to reduce memory usage. Loaded Objects now: 1949.
Total: 2.463000 ms (FindLiveObjects: 0.143100 ms CreateObjectMapping: 0.053800 ms MarkObjects: 2.200000 ms  DeleteObjects: 0.065200 ms)

AssetImportParameters requested are different than current active one (requested -> active):
  custom:framework-win-MediaFoundation: 216162199b28c13a410421893ffa2e32 -> 
  custom:video-decoder-ogg-theora: a1e56fd34408186e4bbccfd4996cb3dc -> 
  custom:container-muxer-webm: aa71ff27fc2769a1b78a27578f13a17b -> 
  custom:container-demuxer-webm: 4f35f7cbe854078d1ac9338744f61a02 -> 
  custom:container-demuxer-ogg: 62fdf1f143b41e24485cea50d1cbac27 -> 
  custom:video-encoder-webm-vp8: eb34c28f22e8b96e1ab97ce403110664 -> 
  custom:video-decoder-webm-vp8: 9c59270c3fd7afecdb556c50c9e8de78 -> 
  custom:audio-decoder-ogg-vorbis: bf7c407c2cedff20999df2af8eb42d56 -> 
  custom:audio-encoder-webm-vorbis: bf7c407c2cedff20999df2af8eb42d56 -> 
========================================================================
Received Import Request.
  path: Assets/New Terrain.asset
  artifactKey: Guid(47c0dd9fa52cc764b8653024e52ab89a) Importer(815301076,1909f56bfc062723c751e8b465ee728b)
Start importing Assets/New Terrain.asset using Guid(47c0dd9fa52cc764b8653024e52ab89a) Importer(815301076,1909f56bfc062723c751e8b465ee728b)  -> (artifact id: '298cef71dc019fba7b86a14b9d865249') in 0.087589 seconds 
  Import took 0.090060 seconds .

========================================================================
Received Import Request.
  Time since last request: 10.147097 seconds.
  path: Assets/Animation/ClownController.controller
  artifactKey: Guid(7e790443f36593b42bc5c6d80c8275d7) Importer(815301076,1909f56bfc062723c751e8b465ee728b)
Start importing Assets/Animation/ClownController.controller using Guid(7e790443f36593b42bc5c6d80c8275d7) Importer(815301076,1909f56bfc062723c751e8b465ee728b)  -> (artifact id: '15fecacb4d2dab279d75353a1b9c78b0') in 0.008305 seconds 
  Import took 0.010637 seconds .

========================================================================
Received Import Request.
  Time since last request: 1963.106149 seconds.
  path: Assets/3D Models/Trees
  artifactKey: Guid(50e83ff20f8d929428867bcbdbd1c631) Importer(815301076,1909f56bfc062723c751e8b465ee728b)
Start importing Assets/3D Models/Trees using Guid(50e83ff20f8d929428867bcbdbd1c631) Importer(815301076,1909f56bfc062723c751e8b465ee728b)  -> (artifact id: '49bdeb7e5ce377dea4bf8ed710fb8da2') in 0.005953 seconds 
  Import took 0.008552 seconds .

========================================================================
Received Import Request.
  Time since last request: 24.253533 seconds.
  path: Assets/3D Models/Trees/No texture
  artifactKey: Guid(b074402342378c440980bd106069edaa) Importer(815301076,1909f56bfc062723c751e8b465ee728b)
Start importing Assets/3D Models/Trees/No texture using Guid(b074402342378c440980bd106069edaa) Importer(815301076,1909f56bfc062723c751e8b465ee728b)  -> (artifact id: '7fe45204bcc5604afdb3e1e054a83a12') in 0.006192 seconds 
  Import took 0.008445 seconds .

========================================================================
Received Import Request.
  Time since last request: 268.180857 seconds.
  path: Assets/3D Models/Trees/No texture/First_Tree.fbx
  artifactKey: Guid(5f1d0ac3ea0e3774c9ccffe9885024e6) Importer(815301076,1909f56bfc062723c751e8b465ee728b)
Start importing Assets/3D Models/Trees/No texture/First_Tree.fbx using Guid(5f1d0ac3ea0e3774c9ccffe9885024e6) Importer(815301076,1909f56bfc062723c751e8b465ee728b)  -> (artifact id: '8af4f445299c59c1c74d1490c3e2dc97') in 0.148637 seconds 
  Import took 0.151180 seconds .

========================================================================
Received Import Request.
  Time since last request: 0.000220 seconds.
  path: Assets/3D Models/Trees/No texture/Fourth_Tree.fbx
  artifactKey: Guid(dfca6319b28bb1c47b977ab483028390) Importer(815301076,1909f56bfc062723c751e8b465ee728b)
Start importing Assets/3D Models/Trees/No texture/Fourth_Tree.fbx using Guid(dfca6319b28bb1c47b977ab483028390) Importer(815301076,1909f56bfc062723c751e8b465ee728b)  -> (artifact id: 'b013013aea5a46c72fce290326be4cf3') in 0.023143 seconds 
  Import took 0.025489 seconds .

========================================================================
Received Import Request.
  Time since last request: 0.000177 seconds.
  path: Assets/3D Models/Trees/No texture/Third_Tree.fbx
  artifactKey: Guid(4f99728f94652374baaa91a53d221259) Importer(815301076,1909f56bfc062723c751e8b465ee728b)
Start importing Assets/3D Models/Trees/No texture/Third_Tree.fbx using Guid(4f99728f94652374baaa91a53d221259) Importer(815301076,1909f56bfc062723c751e8b465ee728b)  -> (artifact id: '8cd36551eb6771fb7a06c35ae76b1d59') in 0.026003 seconds 
  Import took 0.028452 seconds .

========================================================================
Received Import Request.
  Time since last request: 0.000154 seconds.
  path: Assets/3D Models/Trees/No texture/Second_Tree.fbx
  artifactKey: Guid(ff363650e41d2234389fb6bef1e7687b) Importer(815301076,1909f56bfc062723c751e8b465ee728b)
Start importing Assets/3D Models/Trees/No texture/Second_Tree.fbx using Guid(ff363650e41d2234389fb6bef1e7687b) Importer(815301076,1909f56bfc062723c751e8b465ee728b)  -> (artifact id: '7c743a2dc2d133fc03afb4ac1a11990e') in 0.025332 seconds 
  Import took 0.027502 seconds .

========================================================================
Received Import Request.
  Time since last request: 11.583135 seconds.
  path: Assets/3D Models/Trees/With texture
  artifactKey: Guid(8b6ccac7df6e6334290ca4fbfee42330) Importer(815301076,1909f56bfc062723c751e8b465ee728b)
Start importing Assets/3D Models/Trees/With texture using Guid(8b6ccac7df6e6334290ca4fbfee42330) Importer(815301076,1909f56bfc062723c751e8b465ee728b)  -> (artifact id: '27f303d7226c969f27cb7a10aaf1b233') in 0.006355 seconds 
  Import took 0.008725 seconds .

========================================================================
Received Import Request.
  Time since last request: 226.588343 seconds.
  path: Assets/3D Models/Trees/With texture/Tree1 1.fbx
  artifactKey: Guid(06d15684cff719749b65e3b658a3f162) Importer(815301076,1909f56bfc062723c751e8b465ee728b)
Start importing Assets/3D Models/Trees/With texture/Tree1 1.fbx using Guid(06d15684cff719749b65e3b658a3f162) Importer(815301076,1909f56bfc062723c751e8b465ee728b)  -> (artifact id: 'e40371136362b0ff7db62331f44793ee') in 0.229374 seconds 
  Import took 0.231919 seconds .

========================================================================
Received Import Request.
  Time since last request: 0.000194 seconds.
  path: Assets/3D Models/Trees/With texture/Tree1.fbx
  artifactKey: Guid(1fd0c5ded1a37c84fb06184315fbf446) Importer(815301076,1909f56bfc062723c751e8b465ee728b)
Start importing Assets/3D Models/Trees/With texture/Tree1.fbx using Guid(1fd0c5ded1a37c84fb06184315fbf446) Importer(815301076,1909f56bfc062723c751e8b465ee728b)  -> (artifact id: '527562392ab140090149388e214bafe2') in 0.018155 seconds 
  Import took 0.020455 seconds .

========================================================================
Received Import Request.
  Time since last request: 0.000183 seconds.
  path: Assets/3D Models/Trees/With texture/Tree2 1.fbx
  artifactKey: Guid(fc2fecfcc8415214aa84952190c565a3) Importer(815301076,1909f56bfc062723c751e8b465ee728b)
Start importing Assets/3D Models/Trees/With texture/Tree2 1.fbx using Guid(fc2fecfcc8415214aa84952190c565a3) Importer(815301076,1909f56bfc062723c751e8b465ee728b)  -> (artifact id: '3d615bff68557547e08a059914f502fd') in 0.022631 seconds 
  Import took 0.024874 seconds .

========================================================================
Received Import Request.
  Time since last request: 0.000188 seconds.
  path: Assets/3D Models/Trees/With texture/Tree3.fbx
  artifactKey: Guid(4a3919ebc87c6cb42b5b02d509391813) Importer(815301076,1909f56bfc062723c751e8b465ee728b)
Start importing Assets/3D Models/Trees/With texture/Tree3.fbx using Guid(4a3919ebc87c6cb42b5b02d509391813) Importer(815301076,1909f56bfc062723c751e8b465ee728b)  -> (artifact id: 'c18f211efe0a17916c0a61e468a96cc9') in 0.019752 seconds 
  Import took 0.022212 seconds .

========================================================================
Received Import Request.
  Time since last request: 0.000205 seconds.
  path: Assets/3D Models/Trees/With texture/Tree3 1.fbx
  artifactKey: Guid(413f75622b0a2e6428821ffb3b1b23a0) Importer(815301076,1909f56bfc062723c751e8b465ee728b)
Start importing Assets/3D Models/Trees/With texture/Tree3 1.fbx using Guid(413f75622b0a2e6428821ffb3b1b23a0) Importer(815301076,1909f56bfc062723c751e8b465ee728b)  -> (artifact id: '4564debcf44dba14af588488c0374e7c') in 0.020238 seconds 
  Import took 0.022825 seconds .

========================================================================
Received Import Request.
  Time since last request: 0.000196 seconds.
  path: Assets/3D Models/Trees/With texture/Tree2.fbx
  artifactKey: Guid(4b994732ff7fe764486a544c30cc4f63) Importer(815301076,1909f56bfc062723c751e8b465ee728b)
Start importing Assets/3D Models/Trees/With texture/Tree2.fbx using Guid(4b994732ff7fe764486a544c30cc4f63) Importer(815301076,1909f56bfc062723c751e8b465ee728b)  -> (artifact id: '714cea4e59ef2f6d956f167b9ec92004') in 0.017713 seconds 
  Import took 0.020388 seconds .

AssetImportWorkerClient::OnTransportError - code=2 error=End of file
